<?xml version="1.0" encoding="utf-8"?><testsuites name="pytest tests"><testsuite name="pytest" errors="0" failures="3" skipped="0" tests="36" time="8.529" timestamp="2026-06-03T18:06:47.951227+00:00" hostname="agent-env-65023624-f988-4ed1-8b3e-c758438a0522"><testcase classname="backend.tests.test_auth.TestAuthBasics" name="test_register_returns_token_and_user" time="0.508" /><testcase classname="backend.tests.test_auth.TestAuthBasics" name="test_register_duplicate_email_returns_400" time="0.354" /><testcase classname="backend.tests.test_auth.TestAuthBasics" name="test_register_short_password_422" time="0.062" /><testcase classname="backend.tests.test_auth.TestAuthBasics" name="test_login_valid" time="0.281" /><testcase classname="backend.tests.test_auth.TestAuthBasics" name="test_login_invalid_returns_401" time="0.053" /><testcase classname="backend.tests.test_auth.TestAuthBasics" name="test_me_without_token_401" time="0.050" /><testcase classname="backend.tests.test_auth.TestAuthBasics" name="test_me_invalid_token_401" time="0.053" /><testcase classname="backend.tests.test_auth.TestAuthBasics" name="test_admin_seeded_and_login" time="0.330" /><testcase classname="backend.tests.test_auth.TestBruteForce" name="test_five_wrong_then_429" time="1.730" /><testcase classname="backend.tests.test_auth.TestProtectedEndpoints" name="test_get_without_token_401[/watchlist]" time="0.055" /><testcase classname="backend.tests.test_auth.TestProtectedEndpoints" name="test_get_without_token_401[/quotes]" time="0.053" /><testcase classname="backend.tests.test_auth.TestProtectedEndpoints" name="test_get_without_token_401[/quote/NVDA]" time="0.056" /><testcase classname="backend.tests.test_auth.TestProtectedEndpoints" name="test_get_without_token_401[/history/NVDA]" time="0.075" /><testcase classname="backend.tests.test_auth.TestProtectedEndpoints" name="test_get_without_token_401[/compare?tickers=NVDA,AMZN]" time="0.057" /><testcase classname="backend.tests.test_auth.TestProtectedEndpoints" name="test_get_without_token_401[/alerts]" time="0.053" /><testcase classname="backend.tests.test_auth.TestProtectedEndpoints" name="test_get_without_token_401[/portfolio]" time="0.056" /><testcase classname="backend.tests.test_auth.TestProtectedEndpoints" name="test_get_without_token_401[/portfolio/lots/NVDA]" time="0.054" /><testcase classname="backend.tests.test_auth.TestProtectedEndpoints" name="test_get_without_token_401[/portfolio/trades]" time="0.054" /><testcase classname="backend.tests.test_auth.TestProtectedEndpoints" name="test_get_without_token_401[/portfolio/trades/equity-curve]" time="0.062" /><testcase classname="backend.tests.test_auth.TestProtectedEndpoints" name="test_predict_without_token_401" time="0.054" /><testcase classname="backend.tests.test_auth.TestProtectedEndpoints" name="test_post_watchlist_without_token_401" time="0.053" /><testcase classname="backend.tests.test_auth.TestProtectedEndpoints" name="test_post_lot_without_token_401" time="0.054" /><testcase classname="backend.tests.test_auth.TestProtectedEndpoints" name="test_admin_users_without_token_401" time="0.057" /><testcase classname="backend.tests.test_auth.TestProtectedEndpoints" name="test_admin_users_as_normal_user_403" time="0.056" /><testcase classname="backend.tests.test_auth.TestIsolation" name="test_watchlist_seeded_per_user" time="0.398" /><testcase classname="backend.tests.test_auth.TestIsolation" name="test_watchlist_custom_add_isolated" time="0.175" /><testcase classname="backend.tests.test_auth.TestIsolation" name="test_portfolio_lots_isolated" time="1.125"><failure message="AssertionError: assert 'AAPL' not in {'AAPL'}">backend/tests/test_auth.py:230: in test_portfolio_lots_isolated
    assert "AAPL" not in tickers_b
E   AssertionError: assert 'AAPL' not in {'AAPL'}</failure></testcase><testcase classname="backend.tests.test_auth.TestIsolation" name="test_alerts_isolated" time="0.174" /><testcase classname="backend.tests.test_auth.TestIsolation" name="test_non_admin_admin_all_silently_ignored_on_portfolio" time="0.177"><failure message="AssertionError: assert 'AAPL' not in {'AAPL'}">backend/tests/test_auth.py:251: in test_non_admin_admin_all_silently_ignored_on_portfolio
    assert "AAPL" not in tickers_b
E   AssertionError: assert 'AAPL' not in {'AAPL'}</failure></testcase><testcase classname="backend.tests.test_auth.TestAdmin" name="test_admin_portfolio_admin_all_cross_user" time="0.175" /><testcase classname="backend.tests.test_auth.TestAdmin" name="test_admin_portfolio_without_admin_all_is_scoped" time="0.181"><failure message="assert not True&#10; +  where True = any(&lt;generator object TestAdmin.test_admin_portfolio_without_admin_all_is_scoped.&lt;locals&gt;.&lt;genexpr&gt; at 0xfcad555f19a0&gt;)">backend/tests/test_auth.py:271: in test_admin_portfolio_without_admin_all_is_scoped
    assert not any(p.get("user_id") == user_a["id"] for p in positions)
E   assert not True
E    +  where True = any(&lt;generator object TestAdmin.test_admin_portfolio_without_admin_all_is_scoped.&lt;locals&gt;.&lt;genexpr&gt; at 0xfcad555f19a0&gt;)</failure></testcase><testcase classname="backend.tests.test_auth.TestAdmin" name="test_admin_alerts_admin_all" time="0.054" /><testcase classname="backend.tests.test_auth.TestAdmin" name="test_admin_list_users" time="0.066" /><testcase classname="backend.tests.test_auth.TestAdmin" name="test_admin_cannot_delete_self" time="0.113" /><testcase classname="backend.tests.test_auth.TestAdmin" name="test_admin_delete_user_cascades" time="0.850" /><testcase classname="backend.tests.test_auth.TestAdmin" name="test_admin_delete_nonexistent_404" time="0.648" /></testsuite></testsuites>