<?xml version="1.0" encoding="utf-8"?><testsuites name="pytest tests"><testsuite name="pytest" errors="0" failures="0" skipped="0" tests="28" time="49.754" timestamp="2026-05-15T00:25:36.814782+00:00" hostname="agent-env-65023624-f988-4ed1-8b3e-c758438a0522"><testcase classname="backend.tests.backend_test" name="test_exchange_rate" time="0.174" /><testcase classname="backend.tests.backend_test" name="test_watchlist_default_seed" time="0.114" /><testcase classname="backend.tests.backend_test" name="test_watchlist_add_valid_then_remove" time="3.465" /><testcase classname="backend.tests.backend_test" name="test_watchlist_add_invalid" time="1.442" /><testcase classname="backend.tests.backend_test" name="test_watchlist_delete_nonexistent" time="0.133" /><testcase classname="backend.tests.backend_test" name="test_quotes_list" time="1.658" /><testcase classname="backend.tests.backend_test" name="test_single_quote" time="0.786" /><testcase classname="backend.tests.backend_test" name="test_history_nvda" time="0.279" /><testcase classname="backend.tests.backend_test" name="test_predict_nvda" time="6.757" /><testcase classname="backend.tests.backend_test" name="test_quotes_have_sparkline" time="2.214" /><testcase classname="backend.tests.backend_test" name="test_predict_cache_flow_intc" time="9.789" /><testcase classname="backend.tests.backend_test" name="test_compare_two_tickers" time="0.281" /><testcase classname="backend.tests.backend_test" name="test_compare_too_few_tickers" time="0.131" /><testcase classname="backend.tests.backend_test" name="test_compare_too_many_tickers" time="0.104" /><testcase classname="backend.tests.backend_test" name="test_compare_partial_invalid_ticker" time="0.680" /><testcase classname="backend.tests.test_alerts" name="test_alerts_list_empty_shape" time="0.118" /><testcase classname="backend.tests.test_alerts" name="test_alerts_sync_first_call_seeds_state" time="7.276" /><testcase classname="backend.tests.test_alerts" name="test_alerts_sync_creates_price_move_alert" time="8.011" /><testcase classname="backend.tests.test_alerts" name="test_mark_alert_read_and_not_found" time="0.224" /><testcase classname="backend.tests.test_alerts" name="test_mark_all_read" time="0.108" /><testcase classname="backend.tests.test_alerts" name="test_clear_alerts" time="0.212" /><testcase classname="backend.tests.test_alerts" name="test_direction_flip_alert" time="3.515" /><testcase classname="backend.tests.test_alerts" name="test_alerts_loop_task_registered" time="0.102" /><testcase classname="backend.tests.test_alerts" name="test_regression_quotes" time="1.341" /><testcase classname="backend.tests.test_alerts" name="test_regression_exchange_rate" time="0.151" /><testcase classname="backend.tests.test_alerts" name="test_regression_watchlist_count_unchanged" time="0.123" /><testcase classname="backend.tests.test_alerts" name="test_regression_compare" time="0.333" /><testcase classname="backend.tests.test_alerts" name="test_zz_final_cleanup" time="0.013" /></testsuite></testsuites>