<?xml version="1.0" encoding="utf-8"?><testsuites name="pytest tests"><testsuite name="pytest" errors="0" failures="2" skipped="0" tests="36" time="10.422" timestamp="2026-06-03T18:01:49.631199+00:00" hostname="agent-env-65023624-f988-4ed1-8b3e-c758438a0522"><testcase classname="backend.tests.test_auth.TestAuthBasics" name="test_register_returns_token_and_user" time="0.565" /><testcase classname="backend.tests.test_auth.TestAuthBasics" name="test_register_duplicate_email_returns_400" time="0.346" /><testcase classname="backend.tests.test_auth.TestAuthBasics" name="test_register_short_password_422" time="0.061" /><testcase classname="backend.tests.test_auth.TestAuthBasics" name="test_login_valid" time="0.295" /><testcase classname="backend.tests.test_auth.TestAuthBasics" name="test_login_invalid_returns_401" time="0.063" /><testcase classname="backend.tests.test_auth.TestAuthBasics" name="test_me_without_token_401" time="0.081" /><testcase classname="backend.tests.test_auth.TestAuthBasics" name="test_me_invalid_token_401" time="0.057" /><testcase classname="backend.tests.test_auth.TestAuthBasics" name="test_admin_seeded_and_login" time="0.434" /><testcase classname="backend.tests.test_auth.TestBruteForce" name="test_five_wrong_then_429" time="1.798" /><testcase classname="backend.tests.test_auth.TestProtectedEndpoints" name="test_get_without_token_401[/watchlist]" time="0.061" /><testcase classname="backend.tests.test_auth.TestProtectedEndpoints" name="test_get_without_token_401[/quotes]" time="0.060" /><testcase classname="backend.tests.test_auth.TestProtectedEndpoints" name="test_get_without_token_401[/quote/NVDA]" time="0.072" /><testcase classname="backend.tests.test_auth.TestProtectedEndpoints" name="test_get_without_token_401[/history/NVDA]" time="0.064" /><testcase classname="backend.tests.test_auth.TestProtectedEndpoints" name="test_get_without_token_401[/compare?tickers=NVDA,AMZN]" time="0.066" /><testcase classname="backend.tests.test_auth.TestProtectedEndpoints" name="test_get_without_token_401[/alerts]" time="0.071" /><testcase classname="backend.tests.test_auth.TestProtectedEndpoints" name="test_get_without_token_401[/portfolio]" time="0.061" /><testcase classname="backend.tests.test_auth.TestProtectedEndpoints" name="test_get_without_token_401[/portfolio/lots/NVDA]" time="0.066" /><testcase classname="backend.tests.test_auth.TestProtectedEndpoints" name="test_get_without_token_401[/portfolio/trades]" time="0.071" /><testcase classname="backend.tests.test_auth.TestProtectedEndpoints" name="test_get_without_token_401[/portfolio/trades/equity-curve]" time="0.082" /><testcase classname="backend.tests.test_auth.TestProtectedEndpoints" name="test_predict_without_token_401" time="0.060" /><testcase classname="backend.tests.test_auth.TestProtectedEndpoints" name="test_post_watchlist_without_token_401" time="0.058" /><testcase classname="backend.tests.test_auth.TestProtectedEndpoints" name="test_post_lot_without_token_401" time="0.063" /><testcase classname="backend.tests.test_auth.TestProtectedEndpoints" name="test_admin_users_without_token_401" time="0.066" /><testcase classname="backend.tests.test_auth.TestProtectedEndpoints" name="test_admin_users_as_normal_user_403" time="0.061" /><testcase classname="backend.tests.test_auth.TestIsolation" name="test_watchlist_seeded_per_user" time="0.402" /><testcase classname="backend.tests.test_auth.TestIsolation" name="test_watchlist_custom_add_isolated" time="0.263" /><testcase classname="backend.tests.test_auth.TestIsolation" name="test_portfolio_lots_isolated" time="0.880" /><testcase classname="backend.tests.test_auth.TestIsolation" name="test_alerts_isolated" time="0.226" /><testcase classname="backend.tests.test_auth.TestIsolation" name="test_non_admin_admin_all_silently_ignored_on_portfolio" time="0.066" /><testcase classname="backend.tests.test_auth.TestAdmin" name="test_admin_portfolio_admin_all_cross_user" time="0.804"><failure message="assert 500 == 200&#10; +  where 500 = &lt;Response [500]&gt;.status_code">backend/tests/test_auth.py:258: in test_admin_portfolio_admin_all_cross_user
    assert r.status_code == 200
E   assert 500 == 200
E    +  where 500 = &lt;Response [500]&gt;.status_code</failure></testcase><testcase classname="backend.tests.test_auth.TestAdmin" name="test_admin_portfolio_without_admin_all_is_scoped" time="0.062" /><testcase classname="backend.tests.test_auth.TestAdmin" name="test_admin_alerts_admin_all" time="0.116" /><testcase classname="backend.tests.test_auth.TestAdmin" name="test_admin_list_users" time="0.094" /><testcase classname="backend.tests.test_auth.TestAdmin" name="test_admin_cannot_delete_self" time="0.235" /><testcase classname="backend.tests.test_auth.TestAdmin" name="test_admin_delete_user_cascades" time="1.501"><failure message="assert 500 == 200&#10; +  where 500 = &lt;Response [500]&gt;.status_code">backend/tests/test_auth.py:336: in test_admin_delete_user_cascades
    assert port.status_code == 200
E   assert 500 == 200
E    +  where 500 = &lt;Response [500]&gt;.status_code</failure></testcase><testcase classname="backend.tests.test_auth.TestAdmin" name="test_admin_delete_nonexistent_404" time="0.939" /></testsuite></testsuites>