<?xml version="1.0" encoding="utf-8"?><testsuites name="pytest tests"><testsuite name="pytest" errors="0" failures="0" skipped="0" tests="11" time="6.451" timestamp="2026-06-03T18:27:16.435518+00:00" hostname="agent-env-65023624-f988-4ed1-8b3e-c758438a0522"><testcase classname="tests.test_iter10.TestModuleImports" name="test_backend_boots_root" time="0.195" /><testcase classname="tests.test_iter10.TestModuleImports" name="test_auth_router_mounted" time="0.050" /><testcase classname="tests.test_iter10.TestModuleImports" name="test_admin_router_mounted" time="0.050" /><testcase classname="tests.test_iter10.TestRegisterRateLimit" name="test_register_eleventh_returns_429" time="2.920" /><testcase classname="tests.test_iter10.TestPerEmailLockout" name="test_per_email_lockout_threshold_10" time="0.610" /><testcase classname="tests.test_iter10.TestCsvExport" name="test_csv_export_requires_auth" time="0.064" /><testcase classname="tests.test_iter10.TestCsvExport" name="test_csv_export_headers_and_content_type" time="0.337" /><testcase classname="tests.test_iter10.TestCsvExport" name="test_csv_export_user_scoped" time="0.177" /><testcase classname="tests.test_iter10.TestCsvExport" name="test_csv_export_user_does_not_see_other_users_trades" time="0.338" /><testcase classname="tests.test_iter10.TestCsvExport" name="test_csv_export_admin_all" time="0.332" /><testcase classname="tests.test_iter10.TestCsvExport" name="test_csv_export_admin_without_admin_all_is_scoped" time="1.219" /></testsuite></testsuites>