<?xml version="1.0" encoding="utf-8"?><testsuites name="pytest tests"><testsuite name="pytest" errors="0" failures="0" skipped="0" tests="69" time="87.527" timestamp="2026-05-15T00:44:19.013834+00:00" hostname="agent-env-65023624-f988-4ed1-8b3e-c758438a0522"><testcase classname="backend.tests.backend_test" name="test_exchange_rate" time="0.238" /><testcase classname="backend.tests.backend_test" name="test_watchlist_default_seed" time="0.106" /><testcase classname="backend.tests.backend_test" name="test_watchlist_add_valid_then_remove" time="1.897" /><testcase classname="backend.tests.backend_test" name="test_watchlist_add_invalid" time="1.516" /><testcase classname="backend.tests.backend_test" name="test_watchlist_delete_nonexistent" time="0.102" /><testcase classname="backend.tests.backend_test" name="test_quotes_list" time="1.737" /><testcase classname="backend.tests.backend_test" name="test_single_quote" time="0.640" /><testcase classname="backend.tests.backend_test" name="test_history_nvda" time="0.128" /><testcase classname="backend.tests.backend_test" name="test_predict_nvda" time="0.122" /><testcase classname="backend.tests.backend_test" name="test_quotes_have_sparkline" time="1.296" /><testcase classname="backend.tests.backend_test" name="test_predict_cache_flow_intc" time="9.062" /><testcase classname="backend.tests.backend_test" name="test_compare_two_tickers" time="0.331" /><testcase classname="backend.tests.backend_test" name="test_compare_too_few_tickers" time="0.103" /><testcase classname="backend.tests.backend_test" name="test_compare_too_many_tickers" time="0.103" /><testcase classname="backend.tests.backend_test" name="test_compare_partial_invalid_ticker" time="0.653" /><testcase classname="backend.tests.test_alerts" name="test_alerts_list_empty_shape" time="0.160" /><testcase classname="backend.tests.test_alerts" name="test_alerts_sync_first_call_seeds_state" time="7.277" /><testcase classname="backend.tests.test_alerts" name="test_alerts_sync_creates_price_move_alert" time="8.576" /><testcase classname="backend.tests.test_alerts" name="test_mark_alert_read_and_not_found" time="0.222" /><testcase classname="backend.tests.test_alerts" name="test_mark_all_read" time="0.137" /><testcase classname="backend.tests.test_alerts" name="test_clear_alerts" time="0.130" /><testcase classname="backend.tests.test_alerts" name="test_direction_flip_alert" time="3.219" /><testcase classname="backend.tests.test_alerts" name="test_alerts_loop_task_registered" time="0.144" /><testcase classname="backend.tests.test_alerts" name="test_regression_quotes" time="1.293" /><testcase classname="backend.tests.test_alerts" name="test_regression_exchange_rate" time="0.134" /><testcase classname="backend.tests.test_alerts" name="test_regression_watchlist_count_unchanged" time="0.124" /><testcase classname="backend.tests.test_alerts" name="test_regression_compare" time="0.283" /><testcase classname="backend.tests.test_alerts" name="test_zz_final_cleanup" time="0.003" /><testcase classname="backend.tests.test_portfolio" name="test_add_lot_valid_minimal" time="0.140" /><testcase classname="backend.tests.test_portfolio" name="test_add_lot_with_explicit_fx_and_date" time="0.108" /><testcase classname="backend.tests.test_portfolio" name="test_add_lot_invalid_qty" time="0.212" /><testcase classname="backend.tests.test_portfolio" name="test_add_lot_invalid_price" time="0.226" /><testcase classname="backend.tests.test_portfolio" name="test_add_lot_invalid_ticker_format" time="0.254" /><testcase classname="backend.tests.test_portfolio" name="test_get_lots_for_ticker_ordered" time="0.110" /><testcase classname="backend.tests.test_portfolio" name="test_delete_lot_and_404" time="0.373" /><testcase classname="backend.tests.test_portfolio" name="test_set_target_both" time="0.124" /><testcase classname="backend.tests.test_portfolio" name="test_set_target_only_target_upserts" time="0.114" /><testcase classname="backend.tests.test_portfolio" name="test_set_target_neither_400" time="0.127" /><testcase classname="backend.tests.test_portfolio" name="test_set_target_negative_400" time="0.235" /><testcase classname="backend.tests.test_portfolio" name="test_delete_target_and_404" time="0.209" /><testcase classname="backend.tests.test_portfolio" name="test_portfolio_aggregate" time="0.742" /><testcase classname="backend.tests.test_portfolio" name="test_portfolio_empty" time="0.118" /><testcase classname="backend.tests.test_portfolio" name="test_target_hit_alert" time="8.359" /><testcase classname="backend.tests.test_portfolio" name="test_stop_loss_hit_alert" time="8.074" /><testcase classname="backend.tests.test_portfolio" name="test_target_alert_skipped_without_lot" time="8.251" /><testcase classname="backend.tests.test_portfolio" name="test_target_alert_cooldown" time="14.917" /><testcase classname="backend.tests.test_portfolio" name="test_regression_quotes" time="1.329" /><testcase classname="backend.tests.test_portfolio" name="test_regression_exchange_rate" time="0.136" /><testcase classname="backend.tests.test_portfolio" name="test_regression_watchlist" time="0.114" /><testcase classname="backend.tests.test_portfolio" name="test_regression_compare" time="0.267" /><testcase classname="backend.tests.test_portfolio" name="test_regression_alerts_endpoint" time="0.124" /><testcase classname="backend.tests.test_portfolio" name="test_zz_final_cleanup" time="0.004" /><testcase classname="backend.tests.test_trades" name="test_sell_fifo" time="0.153" /><testcase classname="backend.tests.test_trades" name="test_sell_lifo" time="0.127" /><testcase classname="backend.tests.test_trades" name="test_sell_specific_custom_order" time="0.112" /><testcase classname="backend.tests.test_trades" name="test_sell_partial_lot_split" time="0.110" /><testcase classname="backend.tests.test_trades" name="test_sell_full_consumption" time="0.136" /><testcase classname="backend.tests.test_trades" name="test_sell_qty_exceeds_total" time="0.105" /><testcase classname="backend.tests.test_trades" name="test_sell_invalid_qty_price_method" time="0.325" /><testcase classname="backend.tests.test_trades" name="test_sell_specific_validations" time="0.214" /><testcase classname="backend.tests.test_trades" name="test_sell_no_lots_404" time="0.123" /><testcase classname="backend.tests.test_trades" name="test_list_trades_with_summary" time="0.113" /><testcase classname="backend.tests.test_trades" name="test_equity_curve" time="0.106" /><testcase classname="backend.tests.test_trades" name="test_delete_trade" time="0.105" /><testcase classname="backend.tests.test_trades" name="test_delete_trade_404" time="0.124" /><testcase classname="backend.tests.test_trades" name="test_regression_watchlist_defaults" time="0.103" /><testcase classname="backend.tests.test_trades" name="test_regression_exchange_rate" time="0.114" /><testcase classname="backend.tests.test_trades" name="test_regression_portfolio_endpoint" time="0.860" /><testcase classname="backend.tests.test_trades" name="test_zz_final_cleanup" time="0.003" /></testsuite></testsuites>