<?xml version="1.0" encoding="utf-8"?><testsuites name="pytest tests"><testsuite name="pytest" errors="0" failures="0" skipped="0" tests="13" time="23.029" timestamp="2026-05-13T21:00:07.146472+00:00" hostname="agent-env-65023624-f988-4ed1-8b3e-c758438a0522"><testcase classname="backend.tests.test_alerts" name="test_alerts_list_empty_shape" time="0.296" /><testcase classname="backend.tests.test_alerts" name="test_alerts_sync_first_call_seeds_state" time="9.698" /><testcase classname="backend.tests.test_alerts" name="test_alerts_sync_creates_price_move_alert" time="3.926" /><testcase classname="backend.tests.test_alerts" name="test_mark_alert_read_and_not_found" time="0.278" /><testcase classname="backend.tests.test_alerts" name="test_mark_all_read" time="0.196" /><testcase classname="backend.tests.test_alerts" name="test_clear_alerts" time="0.149" /><testcase classname="backend.tests.test_alerts" name="test_direction_flip_alert" time="6.457" /><testcase classname="backend.tests.test_alerts" name="test_alerts_loop_task_registered" time="0.127" /><testcase classname="backend.tests.test_alerts" name="test_regression_quotes" time="1.182" /><testcase classname="backend.tests.test_alerts" name="test_regression_exchange_rate" time="0.128" /><testcase classname="backend.tests.test_alerts" name="test_regression_watchlist_count_unchanged" time="0.133" /><testcase classname="backend.tests.test_alerts" name="test_regression_compare" time="0.302" /><testcase classname="backend.tests.test_alerts" name="test_zz_final_cleanup" time="0.002" /></testsuite></testsuites>