<?xml version="1.0" encoding="utf-8"?><testsuites name="pytest tests"><testsuite name="pytest" errors="0" failures="0" skipped="0" tests="52" time="84.710" timestamp="2026-05-15T00:28:52.911709+00:00" hostname="agent-env-65023624-f988-4ed1-8b3e-c758438a0522"><testcase classname="backend.tests.test_portfolio" name="test_add_lot_valid_minimal" time="0.131" /><testcase classname="backend.tests.test_portfolio" name="test_add_lot_with_explicit_fx_and_date" time="0.110" /><testcase classname="backend.tests.test_portfolio" name="test_add_lot_invalid_qty" time="0.228" /><testcase classname="backend.tests.test_portfolio" name="test_add_lot_invalid_price" time="0.253" /><testcase classname="backend.tests.test_portfolio" name="test_add_lot_invalid_ticker_format" time="0.223" /><testcase classname="backend.tests.test_portfolio" name="test_get_lots_for_ticker_ordered" time="0.108" /><testcase classname="backend.tests.test_portfolio" name="test_delete_lot_and_404" time="0.429" /><testcase classname="backend.tests.test_portfolio" name="test_set_target_both" time="0.149" /><testcase classname="backend.tests.test_portfolio" name="test_set_target_only_target_upserts" time="0.106" /><testcase classname="backend.tests.test_portfolio" name="test_set_target_neither_400" time="0.105" /><testcase classname="backend.tests.test_portfolio" name="test_set_target_negative_400" time="0.211" /><testcase classname="backend.tests.test_portfolio" name="test_delete_target_and_404" time="0.236" /><testcase classname="backend.tests.test_portfolio" name="test_portfolio_aggregate" time="0.681" /><testcase classname="backend.tests.test_portfolio" name="test_portfolio_empty" time="0.105" /><testcase classname="backend.tests.test_portfolio" name="test_target_hit_alert" time="8.670" /><testcase classname="backend.tests.test_portfolio" name="test_stop_loss_hit_alert" time="8.939" /><testcase classname="backend.tests.test_portfolio" name="test_target_alert_skipped_without_lot" time="7.144" /><testcase classname="backend.tests.test_portfolio" name="test_target_alert_cooldown" time="15.805" /><testcase classname="backend.tests.test_portfolio" name="test_regression_quotes" time="1.673" /><testcase classname="backend.tests.test_portfolio" name="test_regression_exchange_rate" time="0.103" /><testcase classname="backend.tests.test_portfolio" name="test_regression_watchlist" time="0.121" /><testcase classname="backend.tests.test_portfolio" name="test_regression_compare" time="0.272" /><testcase classname="backend.tests.test_portfolio" name="test_regression_alerts_endpoint" time="0.111" /><testcase classname="backend.tests.test_portfolio" name="test_zz_final_cleanup" time="0.007" /><testcase classname="backend.tests.test_alerts" name="test_alerts_list_empty_shape" time="0.120" /><testcase classname="backend.tests.test_alerts" name="test_alerts_sync_first_call_seeds_state" time="7.792" /><testcase classname="backend.tests.test_alerts" name="test_alerts_sync_creates_price_move_alert" time="5.551" /><testcase classname="backend.tests.test_alerts" name="test_mark_alert_read_and_not_found" time="0.241" /><testcase classname="backend.tests.test_alerts" name="test_mark_all_read" time="0.115" /><testcase classname="backend.tests.test_alerts" name="test_clear_alerts" time="0.120" /><testcase classname="backend.tests.test_alerts" name="test_direction_flip_alert" time="5.922" /><testcase classname="backend.tests.test_alerts" name="test_alerts_loop_task_registered" time="0.098" /><testcase classname="backend.tests.test_alerts" name="test_regression_quotes" time="1.345" /><testcase classname="backend.tests.test_alerts" name="test_regression_exchange_rate" time="0.166" /><testcase classname="backend.tests.test_alerts" name="test_regression_watchlist_count_unchanged" time="0.102" /><testcase classname="backend.tests.test_alerts" name="test_regression_compare" time="0.283" /><testcase classname="backend.tests.test_alerts" name="test_zz_final_cleanup" time="0.002" /><testcase classname="backend.tests.backend_test" name="test_exchange_rate" time="0.107" /><testcase classname="backend.tests.backend_test" name="test_watchlist_default_seed" time="0.111" /><testcase classname="backend.tests.backend_test" name="test_watchlist_add_valid_then_remove" time="2.222" /><testcase classname="backend.tests.backend_test" name="test_watchlist_add_invalid" time="1.486" /><testcase classname="backend.tests.backend_test" name="test_watchlist_delete_nonexistent" time="0.131" /><testcase classname="backend.tests.backend_test" name="test_quotes_list" time="1.335" /><testcase classname="backend.tests.backend_test" name="test_single_quote" time="0.816" /><testcase classname="backend.tests.backend_test" name="test_history_nvda" time="0.124" /><testcase classname="backend.tests.backend_test" name="test_predict_nvda" time="0.123" /><testcase classname="backend.tests.backend_test" name="test_quotes_have_sparkline" time="1.424" /><testcase classname="backend.tests.backend_test" name="test_predict_cache_flow_intc" time="7.648" /><testcase classname="backend.tests.backend_test" name="test_compare_two_tickers" time="0.390" /><testcase classname="backend.tests.backend_test" name="test_compare_too_few_tickers" time="0.117" /><testcase classname="backend.tests.backend_test" name="test_compare_too_many_tickers" time="0.099" /><testcase classname="backend.tests.backend_test" name="test_compare_partial_invalid_ticker" time="0.632" /></testsuite></testsuites>