<?xml version="1.0" encoding="utf-8"?><testsuites name="pytest tests"><testsuite name="pytest" errors="0" failures="0" skipped="0" tests="15" time="15.793" timestamp="2026-05-13T21:00:36.403580+00:00" hostname="agent-env-65023624-f988-4ed1-8b3e-c758438a0522"><testcase classname="backend.tests.backend_test" name="test_exchange_rate" time="0.164" /><testcase classname="backend.tests.backend_test" name="test_watchlist_default_seed" time="0.115" /><testcase classname="backend.tests.backend_test" name="test_watchlist_add_valid_then_remove" time="2.170" /><testcase classname="backend.tests.backend_test" name="test_watchlist_add_invalid" time="1.484" /><testcase classname="backend.tests.backend_test" name="test_watchlist_delete_nonexistent" time="0.142" /><testcase classname="backend.tests.backend_test" name="test_quotes_list" time="1.159" /><testcase classname="backend.tests.backend_test" name="test_single_quote" time="0.861" /><testcase classname="backend.tests.backend_test" name="test_history_nvda" time="0.132" /><testcase classname="backend.tests.backend_test" name="test_predict_nvda" time="0.110" /><testcase classname="backend.tests.backend_test" name="test_quotes_have_sparkline" time="1.292" /><testcase classname="backend.tests.backend_test" name="test_predict_cache_flow_intc" time="6.805" /><testcase classname="backend.tests.backend_test" name="test_compare_two_tickers" time="0.319" /><testcase classname="backend.tests.backend_test" name="test_compare_too_few_tickers" time="0.113" /><testcase classname="backend.tests.backend_test" name="test_compare_too_many_tickers" time="0.156" /><testcase classname="backend.tests.backend_test" name="test_compare_partial_invalid_ticker" time="0.706" /></testsuite></testsuites>