<?xml version="1.0" encoding="utf-8"?><testsuites name="pytest tests"><testsuite name="pytest" errors="0" failures="3" skipped="0" tests="24" time="48.486" timestamp="2026-05-15T00:24:35.928833+00:00" hostname="agent-env-65023624-f988-4ed1-8b3e-c758438a0522"><testcase classname="backend.tests.test_portfolio" name="test_add_lot_valid_minimal" time="0.383" /><testcase classname="backend.tests.test_portfolio" name="test_add_lot_with_explicit_fx_and_date" time="0.410" /><testcase classname="backend.tests.test_portfolio" name="test_add_lot_invalid_qty" time="0.296" /><testcase classname="backend.tests.test_portfolio" name="test_add_lot_invalid_price" time="0.375" /><testcase classname="backend.tests.test_portfolio" name="test_add_lot_invalid_ticker_format" time="0.226" /><testcase classname="backend.tests.test_portfolio" name="test_get_lots_for_ticker_ordered" time="0.123" /><testcase classname="backend.tests.test_portfolio" name="test_delete_lot_and_404" time="0.338" /><testcase classname="backend.tests.test_portfolio" name="test_set_target_both" time="0.135" /><testcase classname="backend.tests.test_portfolio" name="test_set_target_only_target_upserts" time="0.097" /><testcase classname="backend.tests.test_portfolio" name="test_set_target_neither_400" time="0.142" /><testcase classname="backend.tests.test_portfolio" name="test_set_target_negative_400" time="0.285" /><testcase classname="backend.tests.test_portfolio" name="test_delete_target_and_404" time="0.229" /><testcase classname="backend.tests.test_portfolio" name="test_portfolio_aggregate" time="1.075" /><testcase classname="backend.tests.test_portfolio" name="test_portfolio_empty" time="0.134" /><testcase classname="backend.tests.test_portfolio" name="test_target_hit_alert" time="9.412"><failure message="AssertionError: Expected target_hits&gt;=1; got {'created': 1, 'price_moves': 1, 'target_hits': 0}. Likely root cause: _check_price_moves runs first and overwrites ticker_state.last_price before _check_target_crosses reads it.&#10;assert 0 &gt;= 1">backend/tests/test_portfolio.py:281: in test_target_hit_alert
    assert body["target_hits"] &gt;= 1, (
E   AssertionError: Expected target_hits&gt;=1; got {'created': 1, 'price_moves': 1, 'target_hits': 0}. Likely root cause: _check_price_moves runs first and overwrites ticker_state.last_price before _check_target_crosses reads it.
E   assert 0 &gt;= 1</failure></testcase><testcase classname="backend.tests.test_portfolio" name="test_stop_loss_hit_alert" time="7.214"><failure message="AssertionError: Expected stop-loss alert; got {'created': 1, 'price_moves': 1, 'target_hits': 0}&#10;assert 0 &gt;= 1">backend/tests/test_portfolio.py:322: in test_stop_loss_hit_alert
    assert body["target_hits"] &gt;= 1, f"Expected stop-loss alert; got {body}"
E   AssertionError: Expected stop-loss alert; got {'created': 1, 'price_moves': 1, 'target_hits': 0}
E   assert 0 &gt;= 1</failure></testcase><testcase classname="backend.tests.test_portfolio" name="test_target_alert_skipped_without_lot" time="8.247" /><testcase classname="backend.tests.test_portfolio" name="test_target_alert_cooldown" time="17.011"><failure message="AssertionError: First sync should fire target hit: {'created': 1, 'price_moves': 1, 'target_hits': 0}&#10;assert 0 &gt;= 1">backend/tests/test_portfolio.py:399: in test_target_alert_cooldown
    assert first_hits &gt;= 1, f"First sync should fire target hit: {r1}"
E   AssertionError: First sync should fire target hit: {'created': 1, 'price_moves': 1, 'target_hits': 0}
E   assert 0 &gt;= 1</failure></testcase><testcase classname="backend.tests.test_portfolio" name="test_regression_quotes" time="1.430" /><testcase classname="backend.tests.test_portfolio" name="test_regression_exchange_rate" time="0.161" /><testcase classname="backend.tests.test_portfolio" name="test_regression_watchlist" time="0.113" /><testcase classname="backend.tests.test_portfolio" name="test_regression_compare" time="0.273" /><testcase classname="backend.tests.test_portfolio" name="test_regression_alerts_endpoint" time="0.136" /><testcase classname="backend.tests.test_portfolio" name="test_zz_final_cleanup" time="0.013" /></testsuite></testsuites>