<?xml version="1.0" encoding="utf-8"?><testsuites name="pytest tests"><testsuite name="pytest" errors="0" failures="1" skipped="0" tests="17" time="3.928" timestamp="2026-05-15T00:43:50.547176+00:00" hostname="agent-env-65023624-f988-4ed1-8b3e-c758438a0522"><testcase classname="backend.tests.test_trades" name="test_sell_fifo" time="0.304"><failure message="assert '_id' not in &quot;{'id': '5d7...1074+00:00'}&quot;&#10;  &#10;  '_id' is contained here:&#10;  ?                                                                                                                                                                                                    ^^^^^^^^^^^^^&#10;    {'id': '5d7acabf-5ffd-4fd5-91e2-fe9ec10d41df', 'ticker': 'NVDA', 'qty_sold': 4.0, 'sell_price_usd': 230.0, 'sell_fx_rate': 20.0, 'sell_date': '2026-04-01', 'method': 'FIFO', 'allocations': [{'lot_id': 'lot-old', 'qty': 4.0, 'buy_price_usd': 180.0, 'buy_fx_rate': 18.0, 'buy_date': '2026-01-01', 'days_held': 90, 'cost_usd': 720.0, 'cost_mxn': 12960.0, 'pnl_usd': ...&#10;  &#10;  ...Full output truncated (2 lines hidden), use '-vv' to show">backend/tests/test_trades.py:78: in test_sell_fifo
    assert "_id" not in str(d)
E   assert '_id' not in "{'id': '5d7...1074+00:00'}"
E     
E     '_id' is contained here:
E     ?                                                                                                                                                                                                    ^^^^^^^^^^^^^
E       {'id': '5d7acabf-5ffd-4fd5-91e2-fe9ec10d41df', 'ticker': 'NVDA', 'qty_sold': 4.0, 'sell_price_usd': 230.0, 'sell_fx_rate': 20.0, 'sell_date': '2026-04-01', 'method': 'FIFO', 'allocations': [{'lot_id': 'lot-old', 'qty': 4.0, 'buy_price_usd': 180.0, 'buy_fx_rate': 18.0, 'buy_date': '2026-01-01', 'days_held': 90, 'cost_usd': 720.0, 'cost_mxn': 12960.0, 'pnl_usd': ...
E     
E     ...Full output truncated (2 lines hidden), use '-vv' to show</failure></testcase><testcase classname="backend.tests.test_trades" name="test_sell_lifo" time="0.150" /><testcase classname="backend.tests.test_trades" name="test_sell_specific_custom_order" time="0.166" /><testcase classname="backend.tests.test_trades" name="test_sell_partial_lot_split" time="0.150" /><testcase classname="backend.tests.test_trades" name="test_sell_full_consumption" time="0.170" /><testcase classname="backend.tests.test_trades" name="test_sell_qty_exceeds_total" time="0.109" /><testcase classname="backend.tests.test_trades" name="test_sell_invalid_qty_price_method" time="0.312" /><testcase classname="backend.tests.test_trades" name="test_sell_specific_validations" time="0.211" /><testcase classname="backend.tests.test_trades" name="test_sell_no_lots_404" time="0.123" /><testcase classname="backend.tests.test_trades" name="test_list_trades_with_summary" time="0.119" /><testcase classname="backend.tests.test_trades" name="test_equity_curve" time="0.170" /><testcase classname="backend.tests.test_trades" name="test_delete_trade" time="0.159" /><testcase classname="backend.tests.test_trades" name="test_delete_trade_404" time="0.135" /><testcase classname="backend.tests.test_trades" name="test_regression_watchlist_defaults" time="0.109" /><testcase classname="backend.tests.test_trades" name="test_regression_exchange_rate" time="0.205" /><testcase classname="backend.tests.test_trades" name="test_regression_portfolio_endpoint" time="1.127" /><testcase classname="backend.tests.test_trades" name="test_zz_final_cleanup" time="0.021" /></testsuite></testsuites>