<?xml version="1.0" encoding="utf-8"?><testsuites name="pytest tests"><testsuite name="pytest" errors="0" failures="0" skipped="0" tests="9" time="12.768" timestamp="2026-05-13T19:09:49.878676+00:00" hostname="agent-env-65023624-f988-4ed1-8b3e-c758438a0522"><testcase classname="backend.tests.backend_test" name="test_exchange_rate" time="0.570" /><testcase classname="backend.tests.backend_test" name="test_watchlist_default_seed" time="0.208" /><testcase classname="backend.tests.backend_test" name="test_watchlist_add_valid_then_remove" time="2.218" /><testcase classname="backend.tests.backend_test" name="test_watchlist_add_invalid" time="1.765" /><testcase classname="backend.tests.backend_test" name="test_watchlist_delete_nonexistent" time="0.125" /><testcase classname="backend.tests.backend_test" name="test_quotes_list" time="1.074" /><testcase classname="backend.tests.backend_test" name="test_single_quote" time="0.773" /><testcase classname="backend.tests.backend_test" name="test_history_nvda" time="0.274" /><testcase classname="backend.tests.backend_test" name="test_predict_nvda" time="5.687" /></testsuite></testsuites>