<?xml version="1.0" encoding="utf-8"?><testsuites name="pytest tests"><testsuite name="pytest" errors="0" failures="0" skipped="0" tests="15" time="23.819" timestamp="2026-05-13T20:41:03.020621+00:00" hostname="agent-env-65023624-f988-4ed1-8b3e-c758438a0522"><testcase classname="backend.tests.backend_test" name="test_exchange_rate" time="0.437" /><testcase classname="backend.tests.backend_test" name="test_watchlist_default_seed" time="0.131" /><testcase classname="backend.tests.backend_test" name="test_watchlist_add_valid_then_remove" time="2.009" /><testcase classname="backend.tests.backend_test" name="test_watchlist_add_invalid" time="1.634" /><testcase classname="backend.tests.backend_test" name="test_watchlist_delete_nonexistent" time="0.169" /><testcase classname="backend.tests.backend_test" name="test_quotes_list" time="1.317" /><testcase classname="backend.tests.backend_test" name="test_single_quote" time="0.724" /><testcase classname="backend.tests.backend_test" name="test_history_nvda" time="0.357" /><testcase classname="backend.tests.backend_test" name="test_predict_nvda" time="6.479" /><testcase classname="backend.tests.backend_test" name="test_quotes_have_sparkline" time="0.996" /><testcase classname="backend.tests.backend_test" name="test_predict_cache_flow_intc" time="8.140" /><testcase classname="backend.tests.backend_test" name="test_compare_two_tickers" time="0.303" /><testcase classname="backend.tests.backend_test" name="test_compare_too_few_tickers" time="0.136" /><testcase classname="backend.tests.backend_test" name="test_compare_too_many_tickers" time="0.105" /><testcase classname="backend.tests.backend_test" name="test_compare_partial_invalid_ticker" time="0.782" /></testsuite></testsuites>